2025-11-09 22:54:36 info: Congratulations, your extension "Embold" is now active!
2025-11-09 22:54:36 info: ************* init ****************
2025-11-09 22:54:36 info: tempDirectory : c:\Users\omgav\.vscode\extensions\embold-vscode.embold-0.3.1\temp
2025-11-09 22:54:37 info: Extraction complete for source: c:\Users\omgav\.vscode\extensions\embold-vscode.embold-0.3.1\resources\embold-scanner-archive.zip, destination: c:\Users\omgav\.vscode\extensions\embold-vscode.embold-0.3.1\temp
2025-11-09 22:54:37 info: Extension installed on machine OS : win32
2025-11-09 22:54:37 info: Fetched the issues from DB
2025-11-09 22:54:37 info: Java version installed on machine : 
java version "23.0.2" 2025-01-21
Java(TM) SE Runtime Environment (build 23.0.2+7-58)
Java HotSpot(TM) 64-Bit Server VM (build 23.0.2+7-58, mixed mode, sharing)

2025-11-09 22:54:37 info: Java installed on machine.
2025-11-09 22:54:38 info: Embold extension version response:{"hasSupport":false,"version":"0.2.1","changeNotes":"<div> <p>Release Date: 30 Apr, 2025 <br><span>Bug fixes and improvements.</span></p> </div>"}
2025-11-09 22:54:38 info: Current installed embold extension version : 0.3.1
2025-11-09 22:54:38 info: Latest embold extension version on marketplace : 0.2.1
2025-11-09 22:54:38 info: Current extension version: 0.3.1
2025-11-09 22:54:38 info: Stored extension version: 0.3.1
2025-11-09 22:54:38 info: No new installation or upgrade detected. Skipping plugin activation tracking.
2025-11-09 22:55:20 info: Row(s) deleted
2025-11-09 22:55:20 info: Row(s) deleted
2025-11-09 22:55:20 info: Row(s) deleted
2025-11-09 22:55:20 info: Row(s) deleted
2025-11-09 22:55:20 info: Row(s) deleted
2025-11-09 22:55:20 info: Row(s) deleted
2025-11-09 22:55:20 info: Row(s) deleted
2025-11-09 22:55:20 info: Row(s) deleted
2025-11-09 22:55:20 info: Row(s) deleted
2025-11-09 22:55:20 info: Row(s) deleted
2025-11-09 22:55:20 info: Row(s) deleted
2025-11-09 22:55:20 info: Row(s) deleted
2025-11-09 22:55:20 info: Row(s) deleted
2025-11-09 22:55:20 info: Row(s) deleted
2025-11-09 22:55:20 info: Row(s) deleted
2025-11-09 22:55:20 info: Row(s) deleted
2025-11-09 22:55:20 info: Row(s) deleted
2025-11-09 22:55:20 info: Row(s) deleted
2025-11-09 22:55:20 info: Row(s) deleted
2025-11-09 22:55:20 info: Row(s) deleted
2025-11-09 22:55:20 info: Row(s) deleted
2025-11-09 22:55:20 info: Row(s) deleted
2025-11-09 22:55:20 info: Row(s) deleted
2025-11-09 22:55:20 info: Row(s) deleted
2025-11-09 22:55:20 info: Row(s) deleted
2025-11-09 22:55:20 info: Row(s) deleted
2025-11-09 22:55:20 info: Row(s) deleted
2025-11-09 22:55:20 info: Row(s) deleted
2025-11-09 22:55:20 info: Row(s) deleted
2025-11-09 22:55:20 info: Row(s) deleted
2025-11-09 22:55:20 info: Row(s) deleted
2025-11-09 22:55:20 info: Row(s) deleted
2025-11-09 22:55:20 info: Row(s) deleted
2025-11-09 22:55:20 info: Row(s) deleted
2025-11-09 22:55:20 info: Row(s) deleted
2025-11-09 22:55:20 info: Row(s) deleted
2025-11-09 22:55:20 info: Row(s) deleted
2025-11-09 22:55:20 info: Row(s) deleted
2025-11-09 22:55:20 info: Row(s) deleted
2025-11-09 22:55:20 info: Row(s) deleted
2025-11-09 22:55:20 info: Row(s) deleted
2025-11-09 22:55:20 info: Row(s) deleted
2025-11-09 22:55:20 info: Row(s) deleted
2025-11-09 22:55:20 info: Row(s) deleted
2025-11-09 22:55:20 info: Row(s) deleted
2025-11-09 22:55:20 info: Row(s) deleted
2025-11-09 22:55:20 info: Row(s) deleted
2025-11-09 22:55:20 info: Row(s) deleted
2025-11-09 22:56:41 info: Row(s) deleted
2025-11-09 23:16:35 info: Row(s) deleted
2025-11-09 23:26:04 info: Row(s) deleted
2025-11-09 23:26:04 info: Row(s) deleted
2025-11-09 23:26:04 info: Row(s) deleted
2025-11-09 23:26:04 info: Row(s) deleted
2025-11-09 23:26:04 info: Row(s) deleted
2025-11-09 23:26:04 info: Row(s) deleted
2025-11-09 23:26:04 info: Row(s) deleted
2025-11-09 23:26:04 info: Row(s) deleted
2025-11-09 23:26:04 info: Row(s) deleted
2025-11-09 23:26:04 info: Row(s) deleted
2025-11-09 23:26:04 info: Row(s) deleted
2025-11-09 23:26:04 info: Row(s) deleted
2025-11-09 23:26:04 info: Row(s) deleted
2025-11-09 23:26:04 info: Row(s) deleted
2025-11-09 23:26:04 info: Row(s) deleted
2025-11-09 23:26:04 info: Row(s) deleted
2025-11-09 23:26:04 info: Row(s) deleted
2025-11-09 23:26:04 info: Row(s) deleted
2025-11-09 23:26:04 info: Row(s) deleted
2025-11-09 23:26:04 info: Row(s) deleted
2025-11-09 23:26:04 info: Row(s) deleted
2025-11-09 23:26:04 info: Row(s) deleted
2025-11-09 23:26:04 info: Row(s) deleted
2025-11-09 23:26:04 info: Row(s) deleted
2025-11-09 23:26:04 info: Row(s) deleted
2025-11-09 23:26:04 info: Row(s) deleted
2025-11-09 23:26:04 info: Row(s) deleted
2025-11-09 23:26:04 info: Row(s) deleted
2025-11-09 23:26:04 info: Row(s) deleted
2025-11-09 23:26:04 info: Row(s) deleted
2025-11-09 23:26:04 info: Row(s) deleted
2025-11-09 23:26:04 info: Row(s) deleted
2025-11-09 23:26:04 info: Row(s) deleted
2025-11-09 23:26:04 info: Row(s) deleted
2025-11-09 23:26:04 info: Row(s) deleted
2025-11-09 23:26:04 info: Row(s) deleted
2025-11-09 23:26:04 info: Row(s) deleted
2025-11-09 23:26:04 info: Row(s) deleted
2025-11-09 23:26:04 info: Row(s) deleted
2025-11-09 23:26:04 info: Row(s) deleted
2025-11-09 23:26:04 info: Row(s) deleted
2025-11-09 23:26:04 info: Row(s) deleted
2025-11-09 23:26:04 info: Row(s) deleted
2025-11-09 23:26:04 info: Row(s) deleted
2025-11-09 23:26:04 info: Row(s) deleted
2025-11-09 23:26:04 info: Row(s) deleted
2025-11-09 23:26:15 info: Row(s) deleted
2025-11-09 23:26:38 info: Row(s) deleted
2025-11-09 23:26:41 info: Row(s) deleted
2025-11-09 23:26:42 info: Row(s) deleted
2025-11-09 23:36:39 info: Row(s) deleted
2025-11-09 23:36:39 info: Row(s) deleted
2025-11-09 23:36:39 info: Row(s) deleted
2025-11-09 23:36:39 info: Row(s) deleted
2025-11-09 23:36:39 info: Row(s) deleted
2025-11-09 23:36:39 info: Row(s) deleted
2025-11-09 23:36:39 info: Row(s) deleted
2025-11-09 23:36:39 info: Row(s) deleted
2025-11-09 23:36:39 info: Row(s) deleted
2025-11-09 23:36:39 info: Row(s) deleted
2025-11-09 23:36:39 info: Row(s) deleted
2025-11-09 23:36:39 info: Row(s) deleted
2025-11-09 23:36:39 info: Row(s) deleted
2025-11-09 23:36:39 info: Row(s) deleted
2025-11-09 23:36:39 info: Row(s) deleted
2025-11-09 23:36:39 info: Row(s) deleted
2025-11-09 23:36:39 info: Row(s) deleted
2025-11-09 23:36:39 info: Row(s) deleted
2025-11-09 23:36:39 info: Row(s) deleted
2025-11-09 23:36:39 info: Row(s) deleted
2025-11-09 23:36:39 info: Row(s) deleted
2025-11-09 23:36:39 info: Row(s) deleted
2025-11-09 23:36:39 info: Row(s) deleted
2025-11-09 23:36:39 info: Row(s) deleted
2025-11-09 23:36:39 info: Row(s) deleted
2025-11-09 23:36:39 info: Row(s) deleted
2025-11-09 23:36:39 info: Row(s) deleted
2025-11-09 23:36:39 info: Row(s) deleted
2025-11-09 23:36:39 info: Row(s) deleted
2025-11-09 23:36:39 info: Row(s) deleted
2025-11-09 23:36:39 info: Row(s) deleted
2025-11-09 23:36:39 info: Row(s) deleted
2025-11-09 23:36:39 info: Row(s) deleted
2025-11-09 23:36:39 info: Row(s) deleted
2025-11-09 23:36:39 info: Row(s) deleted
2025-11-09 23:36:39 info: Row(s) deleted
2025-11-09 23:36:39 info: Row(s) deleted
2025-11-09 23:36:39 info: Row(s) deleted
2025-11-09 23:36:39 info: Row(s) deleted
2025-11-09 23:36:39 info: Row(s) deleted
2025-11-09 23:36:39 info: Row(s) deleted
2025-11-09 23:36:39 info: Row(s) deleted
2025-11-09 23:36:39 info: Row(s) deleted
2025-11-09 23:36:39 info: Row(s) deleted
2025-11-09 23:36:39 info: Row(s) deleted
2025-11-09 23:36:39 info: Row(s) deleted
2025-11-09 23:36:49 info: Row(s) deleted
2025-11-09 23:36:49 info: Row(s) deleted
2025-11-09 23:36:49 info: Row(s) deleted
2025-11-09 23:36:49 info: Row(s) deleted
2025-11-09 23:36:49 info: Row(s) deleted
2025-11-09 23:36:49 info: Row(s) deleted
2025-11-09 23:36:49 info: Row(s) deleted
2025-11-09 23:36:49 info: Row(s) deleted
2025-11-09 23:36:49 info: Row(s) deleted
2025-11-09 23:36:49 info: Row(s) deleted
2025-11-09 23:36:49 info: Row(s) deleted
2025-11-09 23:36:49 info: Row(s) deleted
2025-11-09 23:36:49 info: Row(s) deleted
2025-11-09 23:36:49 info: Row(s) deleted
2025-11-09 23:36:49 info: Row(s) deleted
2025-11-09 23:36:49 info: Row(s) deleted
2025-11-09 23:36:49 info: Row(s) deleted
2025-11-09 23:36:49 info: Row(s) deleted
2025-11-09 23:36:49 info: Row(s) deleted
2025-11-09 23:36:49 info: Row(s) deleted
2025-11-09 23:36:49 info: Row(s) deleted
2025-11-09 23:36:49 info: Row(s) deleted
2025-11-09 23:36:49 info: Row(s) deleted
2025-11-09 23:46:48 info: Row(s) deleted
2025-11-09 23:46:48 info: Row(s) deleted
2025-11-09 23:46:48 info: Row(s) deleted
2025-11-09 23:46:48 info: Row(s) deleted
2025-11-09 23:46:48 info: Row(s) deleted
2025-11-09 23:46:48 info: Row(s) deleted
2025-11-09 23:46:48 info: Row(s) deleted
2025-11-09 23:46:48 info: Row(s) deleted
2025-11-09 23:46:48 info: Row(s) deleted
2025-11-09 23:46:48 info: Row(s) deleted
2025-11-09 23:46:48 info: Row(s) deleted
2025-11-09 23:46:48 info: Row(s) deleted
2025-11-09 23:46:48 info: Row(s) deleted
2025-11-09 23:46:48 info: Row(s) deleted
2025-11-09 23:46:48 info: Row(s) deleted
2025-11-09 23:46:48 info: Row(s) deleted
2025-11-09 23:46:48 info: Row(s) deleted
2025-11-09 23:46:48 info: Row(s) deleted
2025-11-09 23:46:48 info: Row(s) deleted
2025-11-09 23:46:48 info: Row(s) deleted
2025-11-09 23:46:48 info: Row(s) deleted
2025-11-09 23:46:48 info: Row(s) deleted
2025-11-09 23:46:48 info: Row(s) deleted
2025-11-09 23:46:48 info: Row(s) deleted
2025-11-09 23:46:48 info: Row(s) deleted
